app/build/intermediates/manifest_merge_blame_file/debug/manifest-merger-blame-debug-report.txt
1<?xml version="1.0" encoding="utf-8"?>
2<manifest xmlns:android="http://schemas.android.com/apk/res/android"
3    package="com.example.barter10"
4    android:versionCode="1"
5    android:versionName="1.0" >
6
7    <uses-sdk
8        android:minSdkVersion="21"
8-->src\main\AndroidManifest.xml
9        android:targetSdkVersion="31" />
9-->src\main\AndroidManifest.xml
10
11    <uses-permission android:name="android.permission.INTERNET" />
11-->src\main\AndroidManifest.xml:5:5-67
11-->src\main\AndroidManifest.xml:5:22-64
12    <uses-permission android:name="android.permission.ACCESS_NETWORK_STATE" />
12-->src\main\AndroidManifest.xml:6:5-79
12-->src\main\AndroidManifest.xml:6:22-76
13    <uses-permission android:name="android.permission.READ_EXTERNAL_STORAGE" />
13-->src\main\AndroidManifest.xml:7:5-79
13-->src\main\AndroidManifest.xml:7:22-77
14    <uses-permission android:name="android.permission.WRITE_EXTERNAL_STORAGE" />
14-->[com.github.dhaval2404:imagepicker-support:1.7.1] AndroidManifest.xml:12:5-81
14-->[com.github.dhaval2404:imagepicker-support:1.7.1] AndroidManifest.xml:12:22-78
15
16    <application
16-->src\main\AndroidManifest.xml:8:5-52:19
17        android:allowBackup="true"
17-->src\main\AndroidManifest.xml:9:9-35
18        android:appComponentFactory="androidx.core.app.CoreComponentFactory"
18-->[androidx.core:core:1.7.0] AndroidManifest.xml:24:18-86
19        android:debuggable="true"
20        android:icon="@mipmap/ic_launcher"
20-->src\main\AndroidManifest.xml:10:9-43
21        android:label="@string/app_name"
21-->src\main\AndroidManifest.xml:11:9-41
22        android:roundIcon="@mipmap/ic_launcher_round"
22-->src\main\AndroidManifest.xml:12:9-54
23        android:supportsRtl="true"
23-->src\main\AndroidManifest.xml:13:9-35
24        android:testOnly="true"
25        android:theme="@style/Theme.Barter10" >
25-->src\main\AndroidManifest.xml:14:9-46
26        <activity
26-->src\main\AndroidManifest.xml:16:9-18:39
27            android:name="com.example.barter10.activityUpload"
27-->src\main\AndroidManifest.xml:17:13-43
28            android:exported="true" />
28-->src\main\AndroidManifest.xml:18:13-36
29        <activity
29-->src\main\AndroidManifest.xml:19:9-21:39
30            android:name="com.example.barter10.signUp"
30-->src\main\AndroidManifest.xml:20:13-35
31            android:exported="true" />
31-->src\main\AndroidManifest.xml:21:13-36
32        <activity
32-->src\main\AndroidManifest.xml:22:9-24:39
33            android:name="com.example.barter10.forgotPass"
33-->src\main\AndroidManifest.xml:23:13-39
34            android:exported="true" />
34-->src\main\AndroidManifest.xml:24:13-36
35        <activity
35-->src\main\AndroidManifest.xml:25:9-27:39
36            android:name="com.example.barter10.otp"
36-->src\main\AndroidManifest.xml:26:13-32
37            android:exported="true" />
37-->src\main\AndroidManifest.xml:27:13-36
38        <activity
38-->src\main\AndroidManifest.xml:28:9-30:39
39            android:name="com.example.barter10.newPass"
39-->src\main\AndroidManifest.xml:29:13-36
40            android:exported="true" />
40-->src\main\AndroidManifest.xml:30:13-36
41        <activity
41-->src\main\AndroidManifest.xml:31:9-33:39
42            android:name="com.example.barter10.Home"
42-->src\main\AndroidManifest.xml:32:13-33
43            android:exported="true" />
43-->src\main\AndroidManifest.xml:33:13-36
44        <activity
44-->src\main\AndroidManifest.xml:34:9-36:39
45            android:name="com.example.barter10.MainActivity"
45-->src\main\AndroidManifest.xml:35:13-41
46            android:exported="true" />
46-->src\main\AndroidManifest.xml:36:13-36
47        <activity
47-->src\main\AndroidManifest.xml:37:9-46:20
48            android:name="com.example.barter10.activity_loading"
48-->src\main\AndroidManifest.xml:38:13-45
49            android:exported="true"
49-->src\main\AndroidManifest.xml:39:13-36
50            android:screenOrientation="portrait" >
50-->src\main\AndroidManifest.xml:40:13-49
51            <intent-filter>
51-->src\main\AndroidManifest.xml:41:13-45:29
52                <action android:name="android.intent.action.MAIN" />
52-->src\main\AndroidManifest.xml:42:17-69
52-->src\main\AndroidManifest.xml:42:25-66
53
54                <category android:name="android.intent.category.LAUNCHER" />
54-->src\main\AndroidManifest.xml:44:17-77
54-->src\main\AndroidManifest.xml:44:27-74
55            </intent-filter>
56        </activity>
57
58        <meta-data
58-->src\main\AndroidManifest.xml:48:9-50:57
59            android:name="preloaded_fonts"
59-->src\main\AndroidManifest.xml:49:13-43
60            android:resource="@array/preloaded_fonts" />
60-->src\main\AndroidManifest.xml:50:13-54
61
62        <activity
62-->[com.github.dhaval2404:imagepicker-support:1.7.1] AndroidManifest.xml:15:9-18:68
63            android:name="com.github.dhaval2404.imagepicker.ImagePickerActivity"
63-->[com.github.dhaval2404:imagepicker-support:1.7.1] AndroidManifest.xml:16:13-81
64            android:screenOrientation="unspecified"
64-->[com.github.dhaval2404:imagepicker-support:1.7.1] AndroidManifest.xml:17:13-52
65            android:theme="@style/Theme.Transparent.ImagePicker" />
65-->[com.github.dhaval2404:imagepicker-support:1.7.1] AndroidManifest.xml:18:13-65
66        <activity
66-->[com.github.dhaval2404:imagepicker-support:1.7.1] AndroidManifest.xml:19:9-22:72
67            android:name="com.yalantis.ucrop.UCropActivity"
67-->[com.github.dhaval2404:imagepicker-support:1.7.1] AndroidManifest.xml:20:13-60
68            android:screenOrientation="portrait"
68-->[com.github.dhaval2404:imagepicker-support:1.7.1] AndroidManifest.xml:21:13-49
69            android:theme="@style/Theme.AppCompat.Light.NoActionBar" />
69-->[com.github.dhaval2404:imagepicker-support:1.7.1] AndroidManifest.xml:22:13-69
70
71        <provider
71-->[com.github.dhaval2404:imagepicker-support:1.7.1] AndroidManifest.xml:24:9-32:20
72            android:name="com.github.dhaval2404.imagepicker.ImagePickerFileProvider"
72-->[com.github.dhaval2404:imagepicker-support:1.7.1] AndroidManifest.xml:25:13-85
73            android:authorities="com.example.barter10.imagepicker.provider"
73-->[com.github.dhaval2404:imagepicker-support:1.7.1] AndroidManifest.xml:26:13-72
74            android:exported="false"
74-->[com.github.dhaval2404:imagepicker-support:1.7.1] AndroidManifest.xml:27:13-37
75            android:grantUriPermissions="true" >
75-->[com.github.dhaval2404:imagepicker-support:1.7.1] AndroidManifest.xml:28:13-47
76            <meta-data
76-->[com.github.dhaval2404:imagepicker-support:1.7.1] AndroidManifest.xml:29:13-31:71
77                android:name="android.support.FILE_PROVIDER_PATHS"
77-->[com.github.dhaval2404:imagepicker-support:1.7.1] AndroidManifest.xml:30:17-67
78                android:resource="@xml/image_picker_provider_paths" />
78-->[com.github.dhaval2404:imagepicker-support:1.7.1] AndroidManifest.xml:31:17-68
79        </provider>
80
81        <activity
81-->[com.google.firebase:firebase-auth:21.0.8] AndroidManifest.xml:27:9-44:20
82            android:name="com.google.firebase.auth.internal.GenericIdpActivity"
82-->[com.google.firebase:firebase-auth:21.0.8] AndroidManifest.xml:28:13-80
83            android:excludeFromRecents="true"
83-->[com.google.firebase:firebase-auth:21.0.8] AndroidManifest.xml:29:13-46
84            android:exported="true"
84-->[com.google.firebase:firebase-auth:21.0.8] AndroidManifest.xml:30:13-36
85            android:launchMode="singleTask"
85-->[com.google.firebase:firebase-auth:21.0.8] AndroidManifest.xml:31:13-44
86            android:theme="@android:style/Theme.Translucent.NoTitleBar" >
86-->[com.google.firebase:firebase-auth:21.0.8] AndroidManifest.xml:32:13-72
87            <intent-filter>
87-->[com.google.firebase:firebase-auth:21.0.8] AndroidManifest.xml:33:13-43:29
88                <action android:name="android.intent.action.VIEW" />
88-->[com.google.firebase:firebase-auth:21.0.8] AndroidManifest.xml:34:17-69
88-->[com.google.firebase:firebase-auth:21.0.8] AndroidManifest.xml:34:25-66
89
90                <category android:name="android.intent.category.DEFAULT" />
90-->[com.google.firebase:firebase-auth:21.0.8] AndroidManifest.xml:36:17-76
90-->[com.google.firebase:firebase-auth:21.0.8] AndroidManifest.xml:36:27-73
91                <category android:name="android.intent.category.BROWSABLE" />
91-->[com.google.firebase:firebase-auth:21.0.8] AndroidManifest.xml:37:17-78
91-->[com.google.firebase:firebase-auth:21.0.8] AndroidManifest.xml:37:27-75
92
93                <data
93-->[com.google.firebase:firebase-auth:21.0.8] AndroidManifest.xml:39:17-42:51
94                    android:host="firebase.auth"
94-->[com.google.firebase:firebase-auth:21.0.8] AndroidManifest.xml:40:21-49
95                    android:path="/"
95-->[com.google.firebase:firebase-auth:21.0.8] AndroidManifest.xml:41:21-37
96                    android:scheme="genericidp" />
96-->[com.google.firebase:firebase-auth:21.0.8] AndroidManifest.xml:42:21-48
97            </intent-filter>
98        </activity>
99        <activity
99-->[com.google.firebase:firebase-auth:21.0.8] AndroidManifest.xml:45:9-62:20
100            android:name="com.google.firebase.auth.internal.RecaptchaActivity"
100-->[com.google.firebase:firebase-auth:21.0.8] AndroidManifest.xml:46:13-79
101            android:excludeFromRecents="true"
101-->[com.google.firebase:firebase-auth:21.0.8] AndroidManifest.xml:47:13-46
102            android:exported="true"
102-->[com.google.firebase:firebase-auth:21.0.8] AndroidManifest.xml:48:13-36
103            android:launchMode="singleTask"
103-->[com.google.firebase:firebase-auth:21.0.8] AndroidManifest.xml:49:13-44
104            android:theme="@android:style/Theme.Translucent.NoTitleBar" >
104-->[com.google.firebase:firebase-auth:21.0.8] AndroidManifest.xml:50:13-72
105            <intent-filter>
105-->[com.google.firebase:firebase-auth:21.0.8] AndroidManifest.xml:51:13-61:29
106                <action android:name="android.intent.action.VIEW" />
106-->[com.google.firebase:firebase-auth:21.0.8] AndroidManifest.xml:34:17-69
106-->[com.google.firebase:firebase-auth:21.0.8] AndroidManifest.xml:34:25-66
107
108                <category android:name="android.intent.category.DEFAULT" />
108-->[com.google.firebase:firebase-auth:21.0.8] AndroidManifest.xml:36:17-76
108-->[com.google.firebase:firebase-auth:21.0.8] AndroidManifest.xml:36:27-73
109                <category android:name="android.intent.category.BROWSABLE" />
109-->[com.google.firebase:firebase-auth:21.0.8] AndroidManifest.xml:37:17-78
109-->[com.google.firebase:firebase-auth:21.0.8] AndroidManifest.xml:37:27-75
110
111                <data
111-->[com.google.firebase:firebase-auth:21.0.8] AndroidManifest.xml:39:17-42:51
112                    android:host="firebase.auth"
112-->[com.google.firebase:firebase-auth:21.0.8] AndroidManifest.xml:40:21-49
113                    android:path="/"
113-->[com.google.firebase:firebase-auth:21.0.8] AndroidManifest.xml:41:21-37
114                    android:scheme="recaptcha" />
114-->[com.google.firebase:firebase-auth:21.0.8] AndroidManifest.xml:42:21-48
115            </intent-filter>
116        </activity>
117
118        <service
118-->[com.google.firebase:firebase-auth:21.0.8] AndroidManifest.xml:64:9-70:19
119            android:name="com.google.firebase.components.ComponentDiscoveryService"
119-->[com.google.firebase:firebase-auth:21.0.8] AndroidManifest.xml:65:13-84
120            android:directBootAware="true"
120-->[com.google.firebase:firebase-common:20.1.2] AndroidManifest.xml:35:13-43
121            android:exported="false" >
121-->[com.google.firebase:firebase-auth:21.0.8] AndroidManifest.xml:66:13-37
122            <meta-data
122-->[com.google.firebase:firebase-auth:21.0.8] AndroidManifest.xml:67:13-69:85
123                android:name="com.google.firebase.components:com.google.firebase.auth.FirebaseAuthRegistrar"
123-->[com.google.firebase:firebase-auth:21.0.8] AndroidManifest.xml:68:17-109
124                android:value="com.google.firebase.components.ComponentRegistrar" />
124-->[com.google.firebase:firebase-auth:21.0.8] AndroidManifest.xml:69:17-82
125            <meta-data
125-->[com.google.firebase:firebase-database:20.0.6] AndroidManifest.xml:32:13-34:85
126                android:name="com.google.firebase.components:com.google.firebase.database.DatabaseRegistrar"
126-->[com.google.firebase:firebase-database:20.0.6] AndroidManifest.xml:33:17-109
127                android:value="com.google.firebase.components.ComponentRegistrar" />
127-->[com.google.firebase:firebase-database:20.0.6] AndroidManifest.xml:34:17-82
128            <meta-data
128-->[com.google.firebase:firebase-storage:20.0.2] AndroidManifest.xml:33:13-35:85
129                android:name="com.google.firebase.components:com.google.firebase.storage.StorageRegistrar"
129-->[com.google.firebase:firebase-storage:20.0.2] AndroidManifest.xml:34:17-107
130                android:value="com.google.firebase.components.ComponentRegistrar" />
130-->[com.google.firebase:firebase-storage:20.0.2] AndroidManifest.xml:35:17-82
131        </service>
132
133        <provider
133-->[com.google.firebase:firebase-common:20.1.2] AndroidManifest.xml:26:9-31:39
134            android:name="com.google.firebase.provider.FirebaseInitProvider"
134-->[com.google.firebase:firebase-common:20.1.2] AndroidManifest.xml:27:13-77
135            android:authorities="com.example.barter10.firebaseinitprovider"
135-->[com.google.firebase:firebase-common:20.1.2] AndroidManifest.xml:28:13-72
136            android:directBootAware="true"
136-->[com.google.firebase:firebase-common:20.1.2] AndroidManifest.xml:29:13-43
137            android:exported="false"
137-->[com.google.firebase:firebase-common:20.1.2] AndroidManifest.xml:30:13-37
138            android:initOrder="100" />
138-->[com.google.firebase:firebase-common:20.1.2] AndroidManifest.xml:31:13-36
139
140        <activity
140-->[com.google.android.gms:play-services-base:18.0.1] AndroidManifest.xml:20:9-22:45
141            android:name="com.google.android.gms.common.api.GoogleApiActivity"
141-->[com.google.android.gms:play-services-base:18.0.1] AndroidManifest.xml:20:19-85
142            android:exported="false"
142-->[com.google.android.gms:play-services-base:18.0.1] AndroidManifest.xml:22:19-43
143            android:theme="@android:style/Theme.Translucent.NoTitleBar" />
143-->[com.google.android.gms:play-services-base:18.0.1] AndroidManifest.xml:21:19-78
144
145        <meta-data
145-->[com.google.android.gms:play-services-basement:18.1.0] AndroidManifest.xml:21:9-23:69
146            android:name="com.google.android.gms.version"
146-->[com.google.android.gms:play-services-basement:18.1.0] AndroidManifest.xml:22:13-58
147            android:value="@integer/google_play_services_version" />
147-->[com.google.android.gms:play-services-basement:18.1.0] AndroidManifest.xml:23:13-66
148
149        <provider
149-->[androidx.emoji2:emoji2:1.0.0] AndroidManifest.xml:26:9-34:20
150            android:name="androidx.startup.InitializationProvider"
150-->[androidx.emoji2:emoji2:1.0.0] AndroidManifest.xml:27:13-67
151            android:authorities="com.example.barter10.androidx-startup"
151-->[androidx.emoji2:emoji2:1.0.0] AndroidManifest.xml:28:13-68
152            android:exported="false" >
152-->[androidx.emoji2:emoji2:1.0.0] AndroidManifest.xml:29:13-37
153            <meta-data
153-->[androidx.emoji2:emoji2:1.0.0] AndroidManifest.xml:31:13-33:52
154                android:name="androidx.emoji2.text.EmojiCompatInitializer"
154-->[androidx.emoji2:emoji2:1.0.0] AndroidManifest.xml:32:17-75
155                android:value="androidx.startup" />
155-->[androidx.emoji2:emoji2:1.0.0] AndroidManifest.xml:33:17-49
156            <meta-data
156-->[androidx.lifecycle:lifecycle-process:2.4.0] AndroidManifest.xml:31:13-33:52
157                android:name="androidx.lifecycle.ProcessLifecycleInitializer"
157-->[androidx.lifecycle:lifecycle-process:2.4.0] AndroidManifest.xml:32:17-78
158                android:value="androidx.startup" />
158-->[androidx.lifecycle:lifecycle-process:2.4.0] AndroidManifest.xml:33:17-49
159        </provider>
160    </application>
161
162</manifest>